Building DAG of jobs...
Using shell: /bin/bash
Provided cores: 20
Rules claiming more threads will be scaled down.
Job counts:
	count	jobs
	1	solve_network
	1

[Tue Oct 22 10:12:23 2019]
rule solve_network:
    input: networks/elec_s_512_lv1.18_Co2L-3H.nc
    output: results/networks/elec_s_512_lv1.18_Co2L-3H.nc
    log: logs/elec_s_512_lv1.18_Co2L-3H_solver.log, logs/elec_s_512_lv1.18_Co2L-3H_python.log, logs/elec_s_512_lv1.18_Co2L-3H_memory.log
    jobid: 0
    benchmark: benchmarks/solve_network/elec_s_512_lv1.18_Co2L-3H
    wildcards: network=elec, simpl=, clusters=512, ll=v1.18, opts=Co2L-3H
    threads: 16
    resources: mem=109840

Changing to shadow directory: /home/vres/data/fabian/pypsa-eur/.snakemake/shadow/tmptxhy4slt
Academic license - for non-commercial use only
Read LP format model from file /tmp/test-kayukgzb.lp
Reading time = 73.96 seconds
obj: 38485602 rows, 18758631 columns, 93385567 nonzeros
Changed value of parameter threads to 18
   Prev: 0  Min: 0  Max: 1024  Default: 0
Changed value of parameter method to 2
   Prev: -1  Min: -1  Max: 5  Default: -1
Changed value of parameter crossover to 0
   Prev: -1  Min: -1  Max: 5  Default: -1
Changed value of parameter BarConvTol to 1e-05
   Prev: 1e-08  Min: 0.0  Max: 1.0  Default: 1e-08
Parameter FeasibilityTol unchanged
   Value: 1e-06  Min: 1e-09  Max: 0.01  Default: 1e-06
Changed value of parameter AggFill to 0
   Prev: -1  Min: -1  Max: 2000000000  Default: -1
Changed value of parameter PreDual to 0
   Prev: -1  Min: -1  Max: 2  Default: -1
Changed value of parameter GURO_PAR_BARDENSETHRESH to 200
   Prev: -1  Min: -1  Max: 2000000000  Default: -1
Changed value of parameter logfile to test.log
   Prev: gurobi.log  Default: 
Optimize a model with 38485602 rows, 18758631 columns and 93385567 nonzeros
Coefficient statistics:
  Matrix range     [1e-02, 9e+02]
  Objective range  [3e-02, 3e+05]
  Bounds range     [6e-03, 2e+07]
  RHS range        [9e-01, 4e+08]
Presolve removed 0 rows and 0 columns (presolve time = 7s) ...
Presolve removed 14477271 rows and 1500792 columns (presolve time = 10s) ...
Presolve removed 14477271 rows and 1500792 columns (presolve time = 17s) ...
Presolve removed 14477271 rows and 1500792 columns (presolve time = 32s) ...
Presolve removed 14477271 rows and 1500792 columns (presolve time = 60s) ...
Presolve removed 14477271 rows and 1500792 columns (presolve time = 65s) ...
Presolve removed 14477271 rows and 1500792 columns (presolve time = 72s) ...
Presolve removed 14477271 rows and 1500792 columns
Presolve time: 72.93s
Presolved: 24008331 rows, 17257839 columns, 77401664 nonzeros
Ordering time: 0.00s

Barrier statistics:
 Dense cols : 3470
 Free vars  : 2794440
 AA' NZ     : 1.079e+08
 Factor NZ  : 5.042e+09 (roughly 60.0 GBytes of memory)
 Factor Ops : 3.230e+13 (roughly 130 seconds per iteration)
 Threads    : 18

                  Objective                Residual
Iter       Primal          Dual         Primal    Dual     Compl     Time
   0   1.05007582e+15 -1.71446845e+16  2.01e+12 1.53e+04  9.46e+11   915s
   1   1.07328680e+15 -3.69563086e+16  1.97e+12 1.89e+05  1.03e+12  1057s
   2   1.21190845e+15 -3.82786960e+16  1.55e+12 7.48e+04  7.48e+11  1198s
   3   1.02710047e+15 -3.85617278e+16  1.12e+12 3.75e+04  5.22e+11  1346s
   4   8.77014786e+14 -3.81784919e+16  5.94e+11 1.21e+04  2.64e+11  1506s
   5   7.65000178e+14 -3.69351753e+16  2.95e+11 4.39e+03  1.32e+11  1678s
   6   7.03156711e+14 -3.51209655e+16  1.35e+11 1.67e+03  6.06e+10  1864s
   7   6.82917484e+14 -3.22974429e+16  3.17e+10 5.95e+02  1.55e+10  2040s
   8   6.77811581e+14 -2.67067566e+16  1.46e+10 1.39e+02  6.92e+09  2205s
   9   7.69661607e+14 -1.99965832e+16  1.07e+10 1.78e+01  4.30e+09  2382s
  10   9.45494502e+14 -1.71082068e+16  8.34e+09 6.66e+00  3.18e+09  2543s
  11   1.12121096e+15 -1.41176712e+16  6.27e+09 1.74e+00  2.24e+09  2672s
  12   1.21740506e+15 -1.15837934e+16  4.92e+09 3.87e-01  1.65e+09  2805s
  13   1.26125805e+15 -6.69096389e+15  3.50e+09 6.11e-03  9.58e+08  2943s
  14   9.99703441e+14 -3.36357852e+15  2.37e+09 7.91e-03  5.20e+08  3091s
  15   6.63601393e+14 -1.59474195e+15  9.46e+08 7.06e-03  1.97e+08  3256s
  16   3.89884995e+14 -7.54966107e+14  4.12e+08 7.05e-03  8.07e+07  3432s
  17   2.47316452e+14 -4.27617457e+14  2.45e+08 1.17e-02  4.23e+07  3593s
  18   1.47969702e+14 -2.30279650e+14  1.35e+08 8.85e-03  2.11e+07  3742s
  19   8.75223317e+13 -1.82255743e+14  7.88e+07 6.67e-03  1.30e+07  3882s
  20   5.42618057e+13 -1.38411323e+14  4.58e+07 4.61e-03  8.19e+06  4015s
  21   3.57457161e+13 -9.24624054e+13  2.66e+07 3.78e-03  4.97e+06  4159s
  22   2.13948464e+13 -5.76213902e+13  1.41e+07 4.82e-03  2.82e+06  4321s
  23   1.15268104e+13 -3.76796137e+13  6.42e+06 4.42e-03  1.62e+06  4499s
  24   8.28893188e+12 -2.33220474e+13  4.25e+06 3.90e-03  1.01e+06  4680s
  25   5.85556180e+12 -1.79399954e+13  2.70e+06 3.73e-03  7.38e+05  4862s
  26   4.31012460e+12 -1.07169999e+13  1.75e+06 4.59e-03  4.57e+05  5037s
  27   3.26592371e+12 -7.50832521e+12  1.17e+06 6.22e-03  3.24e+05  5198s
  28   2.77347815e+12 -5.63984489e+12  9.19e+05 7.02e-03  2.51e+05  5347s
  29   2.34289804e+12 -4.29715934e+12  7.15e+05 6.98e-03  1.97e+05  5488s
  30   2.15508566e+12 -3.68401489e+12  6.32e+05 7.24e-03  1.73e+05  5620s
  31   1.78507435e+12 -3.09055571e+12  4.76e+05 7.60e-03  1.44e+05  5748s
  32   1.53155226e+12 -2.57150728e+12  3.78e+05 7.58e-03  1.21e+05  5886s
  33   1.15551184e+12 -1.85169599e+12  2.41e+05 7.87e-03  8.81e+04  6035s
  34   9.69444430e+11 -1.39684648e+12  1.81e+05 7.04e-03  6.92e+04  6192s
  35   7.32041191e+11 -8.83901509e+11  1.14e+05 6.06e-03  4.71e+04  6381s
  36   6.08161344e+11 -5.97053090e+11  8.37e+04 6.58e-03  3.51e+04  6560s
  37   5.49932205e+11 -3.67484800e+11  6.99e+04 7.05e-03  2.67e+04  6712s
  38   5.03305934e+11 -2.31084633e+11  5.90e+04 7.51e-03  2.14e+04  6849s
  39   4.56935470e+11 -1.59915334e+11  4.92e+04 8.21e-03  1.79e+04  6978s
  40   4.23874711e+11 -1.19396696e+11  4.25e+04 8.40e-03  1.58e+04  7116s
  41   3.82667918e+11 -5.24159702e+10  3.48e+04 8.56e-03  1.26e+04  7266s
  42   3.63233673e+11 -1.46937114e+10  3.11e+04 8.58e-03  1.10e+04  7432s
  43   3.31943485e+11  1.71346663e+10  2.54e+04 8.70e-03  9.14e+03  7610s
  44   3.08364212e+11  3.78962410e+10  2.10e+04 8.71e-03  7.85e+03  7778s
  45   2.90665291e+11  7.24642293e+10  1.79e+04 8.42e-03  6.33e+03  7965s
  46   2.85381439e+11  8.24973490e+10  1.69e+04 8.38e-03  5.89e+03  8145s
  47   2.70225543e+11  1.01300065e+11  1.43e+04 8.63e-03  4.90e+03  8296s
  48   2.61856519e+11  1.11670216e+11  1.29e+04 9.07e-03  4.36e+03  8435s
  49   2.59238522e+11  1.16072923e+11  1.25e+04 9.20e-03  4.15e+03  8566s
  50   2.56846699e+11  1.19087597e+11  1.21e+04 9.26e-03  4.00e+03  8695s
  51   2.49861399e+11  1.27126273e+11  1.09e+04 9.43e-03  3.56e+03  8835s
  52   2.46096701e+11  1.34503919e+11  1.02e+04 9.47e-03  3.24e+03  8985s
  53   2.42499131e+11  1.38542011e+11  9.57e+03 9.45e-03  3.02e+03  9147s
  54   2.35480732e+11  1.46919277e+11  8.34e+03 9.41e-03  2.57e+03  9308s
  55   2.29834146e+11  1.52423682e+11  7.37e+03 9.27e-03  2.25e+03  9487s
  56   2.27301323e+11  1.58631952e+11  6.95e+03 9.85e-03  1.99e+03  9660s
  57   2.23725070e+11  1.60848766e+11  6.34e+03 9.91e-03  1.82e+03  9824s
  58   2.20331255e+11  1.62844509e+11  5.77e+03 9.69e-03  1.67e+03  9981s
  59   2.19464081e+11  1.64435713e+11  5.60e+03 9.41e-03  1.60e+03  10124s
  60   2.18326075e+11  1.65693328e+11  5.38e+03 9.14e-03  1.53e+03  10259s
  61   2.17650188e+11  1.66899019e+11  5.26e+03 9.60e-03  1.47e+03  10393s
  62   2.14664967e+11  1.68831770e+11  4.76e+03 1.02e-02  1.33e+03  10550s
  63   2.13298412e+11  1.71469550e+11  4.50e+03 1.02e-02  1.21e+03  10703s
  64   2.11244075e+11  1.72682529e+11  4.14e+03 1.00e-02  1.12e+03  10874s
  65   2.10796875e+11  1.73295183e+11  4.06e+03 1.00e-02  1.09e+03  11029s
  66   2.08281729e+11  1.74216651e+11  3.61e+03 9.55e-03  9.88e+02  11221s
  67   2.06593343e+11  1.75293422e+11  3.31e+03 9.09e-03  9.08e+02  11403s
  68   2.05256408e+11  1.76559260e+11  3.07e+03 8.49e-03  8.32e+02  11565s
  69   2.04258676e+11  1.77100058e+11  2.88e+03 8.21e-03  7.88e+02  11715s
  70   2.03633225e+11  1.77492225e+11  2.76e+03 7.99e-03  7.58e+02  11855s
  71   2.03234311e+11  1.77750518e+11  2.69e+03 7.97e-03  7.39e+02  11986s
  72   2.02917019e+11  1.78046972e+11  2.62e+03 8.01e-03  7.21e+02  12115s
  73   2.02403587e+11  1.78384086e+11  2.53e+03 8.05e-03  6.97e+02  12254s
  74   2.01413951e+11  1.78687721e+11  2.34e+03 8.01e-03  6.59e+02  12404s
  75   2.01030771e+11  1.79657794e+11  2.26e+03 7.96e-03  6.20e+02  12567s
  76   2.00586918e+11  1.79897451e+11  2.17e+03 8.35e-03  6.00e+02  12724s
  77   2.00176824e+11  1.80811703e+11  2.09e+03 1.21e-02  5.62e+02  12898s
  78   1.99706552e+11  1.81120592e+11  2.00e+03 1.21e-02  5.39e+02  13055s
  79   1.99278843e+11  1.81598217e+11  1.92e+03 1.26e-02  5.13e+02  13223s
  80   1.98658389e+11  1.82308565e+11  1.81e+03 1.31e-02  4.74e+02  13410s
  81   1.98235706e+11  1.82513943e+11  1.73e+03 1.31e-02  4.56e+02  13573s
  82   1.97802558e+11  1.82981381e+11  1.64e+03 1.31e-02  4.30e+02  13756s
  83   1.97548304e+11  1.83504661e+11  1.59e+03 1.29e-02  4.07e+02  13929s
  84   1.96946818e+11  1.83718525e+11  1.48e+03 1.28e-02  3.84e+02  14076s
  85   1.96744406e+11  1.83949701e+11  1.44e+03 1.25e-02  3.71e+02  14215s
  86   1.96569941e+11  1.84082985e+11  1.41e+03 1.23e-02  3.62e+02  14342s
  87   1.96437937e+11  1.84182433e+11  1.38e+03 1.21e-02  3.55e+02  14476s
  88   1.96270684e+11  1.84290400e+11  1.35e+03 1.22e-02  3.47e+02  14611s
  89   1.96097640e+11  1.84382595e+11  1.31e+03 1.24e-02  3.40e+02  14753s
  90   1.95948548e+11  1.84567457e+11  1.28e+03 1.27e-02  3.30e+02  14915s
  91   1.95564098e+11  1.84814462e+11  1.21e+03 1.26e-02  3.12e+02  15078s
  92   1.95335458e+11  1.84951492e+11  1.17e+03 1.23e-02  3.01e+02  15241s
  93   1.94979113e+11  1.85103519e+11  1.10e+03 1.20e-02  2.86e+02  15411s
  94   1.94797351e+11  1.85345598e+11  1.06e+03 1.15e-02  2.74e+02  15566s
  95   1.94651470e+11  1.85429632e+11  1.04e+03 1.13e-02  2.67e+02  15706s
  96   1.94476019e+11  1.85597300e+11  1.00e+03 1.08e-02  2.57e+02  15853s
  97   1.94327686e+11  1.85752448e+11  9.75e+02 1.04e-02  2.49e+02  16018s
  98   1.94131621e+11  1.85885380e+11  9.38e+02 1.01e-02  2.39e+02  16180s
  99   1.93875583e+11  1.86004030e+11  8.88e+02 9.76e-03  2.28e+02  16342s
 100   1.93714052e+11  1.86159529e+11  8.57e+02 9.33e-03  2.19e+02  16499s
 101   1.93554968e+11  1.86366318e+11  8.27e+02 1.00e-02  2.08e+02  16659s
 102   1.93470161e+11  1.86485379e+11  8.10e+02 9.93e-03  2.03e+02  16808s
 103   1.93276570e+11  1.86539376e+11  7.73e+02 9.67e-03  1.95e+02  16949s
 104   1.93138321e+11  1.86630540e+11  7.47e+02 9.27e-03  1.89e+02  17100s
 105   1.93079803e+11  1.86724041e+11  7.35e+02 9.62e-03  1.84e+02  17249s
 106   1.92939641e+11  1.86929806e+11  7.09e+02 1.05e-02  1.74e+02  17421s
 107   1.92809000e+11  1.87025198e+11  6.83e+02 1.08e-02  1.68e+02  17582s
 108   1.92772148e+11  1.87073602e+11  6.76e+02 1.09e-02  1.65e+02  17721s
 109   1.92697170e+11  1.87145179e+11  6.61e+02 1.09e-02  1.61e+02  17859s
 110   1.92670746e+11  1.87219593e+11  6.56e+02 1.08e-02  1.58e+02  18010s
 111   1.92557767e+11  1.87252344e+11  6.34e+02 1.08e-02  1.54e+02  18160s
 112   1.92483650e+11  1.87308078e+11  6.20e+02 1.12e-02  1.50e+02  18341s
 113   1.92408060e+11  1.87387277e+11  6.05e+02 1.18e-02  1.46e+02  18512s
 114   1.92339579e+11  1.87467308e+11  5.93e+02 1.21e-02  1.41e+02  18684s
 115   1.92203811e+11  1.87534993e+11  5.67e+02 1.25e-02  1.35e+02  18828s
 116   1.92173951e+11  1.87555484e+11  5.61e+02 1.26e-02  1.34e+02  18958s
 117   1.92110671e+11  1.87615492e+11  5.49e+02 1.27e-02  1.30e+02  19098s
 118   1.91982962e+11  1.87667423e+11  5.25e+02 1.28e-02  1.25e+02  19249s
 119   1.91890668e+11  1.87755241e+11  5.08e+02 1.23e-02  1.20e+02  19413s
 120   1.91796034e+11  1.87832588e+11  4.89e+02 1.17e-02  1.15e+02  19614s
 121   1.91650616e+11  1.87882212e+11  4.62e+02 1.18e-02  1.09e+02  19780s
 122   1.91616286e+11  1.87921348e+11  4.55e+02 1.17e-02  1.07e+02  19931s
 123   1.91523994e+11  1.87966318e+11  4.37e+02 1.16e-02  1.03e+02  20071s
 124   1.91468546e+11  1.88000954e+11  4.26e+02 1.14e-02  1.01e+02  20202s
 125   1.91404118e+11  1.88033297e+11  4.14e+02 1.12e-02  9.77e+01  20340s
 126   1.91333838e+11  1.88079912e+11  4.01e+02 1.09e-02  9.43e+01  20491s
 127   1.91290362e+11  1.88141934e+11  3.92e+02 1.04e-02  9.13e+01  20646s
 128   1.91201256e+11  1.88184438e+11  3.75e+02 1.00e-02  8.75e+01  20821s
 129   1.91115042e+11  1.88223198e+11  3.59e+02 9.64e-03  8.38e+01  21010s
 130   1.91067304e+11  1.88256843e+11  3.49e+02 9.17e-03  8.15e+01  21174s
 131   1.91006979e+11  1.88292429e+11  3.38e+02 9.13e-03  7.87e+01  21339s
 132   1.90942978e+11  1.88326770e+11  3.26e+02 9.34e-03  7.59e+01  21511s
 133   1.90895153e+11  1.88350934e+11  3.16e+02 9.61e-03  7.38e+01  21657s
 134   1.90860840e+11  1.88384435e+11  3.10e+02 1.10e-02  7.18e+01  21790s
 135   1.90835045e+11  1.88406439e+11  3.05e+02 1.16e-02  7.04e+01  21931s
 136   1.90774315e+11  1.88422470e+11  2.93e+02 1.18e-02  6.82e+01  22085s
 137   1.90722432e+11  1.88447954e+11  2.83e+02 1.20e-02  6.59e+01  22253s
 138   1.90661279e+11  1.88470046e+11  2.72e+02 1.20e-02  6.35e+01  22421s
 139   1.90648072e+11  1.88497868e+11  2.70e+02 1.19e-02  6.23e+01  22606s
 140   1.90585833e+11  1.88551812e+11  2.58e+02 1.13e-02  5.90e+01  22758s
 141   1.90533399e+11  1.88579224e+11  2.48e+02 1.10e-02  5.67e+01  22897s
 142   1.90503808e+11  1.88597575e+11  2.42e+02 1.08e-02  5.53e+01  23026s
 143   1.90495405e+11  1.88611306e+11  2.40e+02 1.06e-02  5.46e+01  23165s
 144   1.90429635e+11  1.88648996e+11  2.28e+02 1.01e-02  5.16e+01  23315s
 145   1.90391226e+11  1.88672075e+11  2.20e+02 9.74e-03  4.98e+01  23465s
 146   1.90345445e+11  1.88691334e+11  2.12e+02 9.46e-03  4.80e+01  23624s
 147   1.90305418e+11  1.88719018e+11  2.04e+02 9.21e-03  4.60e+01  23804s
 148   1.90252047e+11  1.88740137e+11  1.94e+02 9.13e-03  4.38e+01  23997s
 149   1.90200914e+11  1.88762305e+11  1.84e+02 9.05e-03  4.17e+01  24166s
 150   1.90158022e+11  1.88779123e+11  1.76e+02 8.95e-03  4.00e+01  24339s
 151   1.90145194e+11  1.88791224e+11  1.74e+02 8.86e-03  3.93e+01  24485s
 152   1.90113459e+11  1.88802346e+11  1.67e+02 8.78e-03  3.80e+01  24619s
 153   1.90085326e+11  1.88817157e+11  1.62e+02 8.64e-03  3.68e+01  24759s
 154   1.90057696e+11  1.88843088e+11  1.57e+02 8.40e-03  3.52e+01  24911s
 155   1.90015217e+11  1.88860384e+11  1.49e+02 8.49e-03  3.35e+01  25081s
 156   1.89980428e+11  1.88884102e+11  1.42e+02 8.56e-03  3.18e+01  25279s
 157   1.89938825e+11  1.88904795e+11  1.35e+02 8.54e-03  3.00e+01  25455s
 158   1.89910905e+11  1.88920215e+11  1.29e+02 8.49e-03  2.87e+01  25616s
 159   1.89886566e+11  1.88933423e+11  1.25e+02 8.43e-03  2.76e+01  25761s
 160   1.89870172e+11  1.88940449e+11  1.21e+02 8.38e-03  2.70e+01  25895s
 161   1.89865561e+11  1.88949744e+11  1.21e+02 8.31e-03  2.66e+01  26039s
 162   1.89831257e+11  1.88960418e+11  1.14e+02 8.21e-03  2.53e+01  26211s
 163   1.89812192e+11  1.88974922e+11  1.10e+02 8.06e-03  2.43e+01  26380s
 164   1.89790106e+11  1.88982158e+11  1.06e+02 7.96e-03  2.34e+01  26552s
 165   1.89754440e+11  1.88995901e+11  9.95e+01 7.76e-03  2.20e+01  26737s
 166   1.89730243e+11  1.89001507e+11  9.48e+01 7.65e-03  2.11e+01  26902s
 167   1.89716245e+11  1.89013077e+11  9.21e+01 7.70e-03  2.04e+01  27075s
 168   1.89692021e+11  1.89021333e+11  8.75e+01 7.63e-03  1.94e+01  27239s
 169   1.89675219e+11  1.89029184e+11  8.43e+01 7.62e-03  1.87e+01  27382s
 170   1.89663768e+11  1.89036674e+11  8.21e+01 7.57e-03  1.82e+01  27516s
 171   1.89647321e+11  1.89044359e+11  7.90e+01 7.48e-03  1.75e+01  27668s
 172   1.89634518e+11  1.89050985e+11  7.65e+01 7.36e-03  1.69e+01  27834s
 173   1.89613676e+11  1.89062640e+11  7.26e+01 7.11e-03  1.60e+01  28001s
 174   1.89597339e+11  1.89077230e+11  6.96e+01 7.18e-03  1.51e+01  28177s
 175   1.89570690e+11  1.89084416e+11  6.45e+01 7.18e-03  1.41e+01  28339s
 176   1.89550324e+11  1.89092350e+11  6.06e+01 7.21e-03  1.33e+01  28495s
 177   1.89539553e+11  1.89097450e+11  5.86e+01 7.23e-03  1.28e+01  28636s
 178   1.89533532e+11  1.89102898e+11  5.74e+01 7.23e-03  1.25e+01  28766s
 179   1.89520252e+11  1.89109050e+11  5.49e+01 7.19e-03  1.19e+01  28904s
 180   1.89508426e+11  1.89112311e+11  5.26e+01 7.16e-03  1.15e+01  29056s
 181   1.89493226e+11  1.89119183e+11  4.98e+01 7.07e-03  1.08e+01  29219s
 182   1.89470696e+11  1.89125742e+11  4.55e+01 6.94e-03  1.00e+01  29419s
 183   1.89462130e+11  1.89131011e+11  4.39e+01 6.83e-03  9.60e+00  29590s
 184   1.89452470e+11  1.89133916e+11  4.20e+01 6.77e-03  9.24e+00  29742s
 185   1.89444452e+11  1.89138886e+11  4.05e+01 6.68e-03  8.86e+00  29881s
 186   1.89441077e+11  1.89141281e+11  3.99e+01 6.63e-03  8.70e+00  30009s
 187   1.89436855e+11  1.89143977e+11  3.91e+01 6.59e-03  8.49e+00  30146s
 188   1.89427230e+11  1.89147702e+11  3.72e+01 6.53e-03  8.11e+00  30305s
 189   1.89419829e+11  1.89149349e+11  3.58e+01 6.50e-03  7.85e+00  30450s
 190   1.89406624e+11  1.89152649e+11  3.32e+01 6.42e-03  7.37e+00  30612s
 191   1.89397775e+11  1.89157020e+11  3.16e+01 6.30e-03  6.98e+00  30778s
 192   1.89386362e+11  1.89162729e+11  2.94e+01 6.29e-03  6.49e+00  30967s
 193   1.89375640e+11  1.89166097e+11  2.73e+01 6.31e-03  6.08e+00  31119s
 194   1.89367626e+11  1.89170213e+11  2.58e+01 6.32e-03  5.73e+00  31291s
 195   1.89361930e+11  1.89172402e+11  2.47e+01 6.33e-03  5.50e+00  31455s
 196   1.89358681e+11  1.89173539e+11  2.41e+01 6.36e-03  5.37e+00  31604s
 197   1.89351993e+11  1.89176046e+11  2.28e+01 6.39e-03  5.10e+00  31741s
 198   1.89348035e+11  1.89177535e+11  2.20e+01 6.40e-03  4.95e+00  31870s
 199   1.89345534e+11  1.89179123e+11  2.15e+01 6.41e-03  4.83e+00  32000s
 200   1.89340999e+11  1.89181533e+11  2.06e+01 6.44e-03  4.63e+00  32146s
 201   1.89338385e+11  1.89182920e+11  2.02e+01 6.45e-03  4.51e+00  32300s
 202   1.89331322e+11  1.89186943e+11  1.88e+01 6.46e-03  4.19e+00  32464s
 203   1.89328817e+11  1.89188057e+11  1.84e+01 6.46e-03  4.08e+00  32639s
 204   1.89324259e+11  1.89191344e+11  1.75e+01 6.40e-03  3.86e+00  32800s
 205   1.89320224e+11  1.89192506e+11  1.67e+01 6.37e-03  3.71e+00  32950s
 206   1.89316615e+11  1.89194482e+11  1.61e+01 6.27e-03  3.54e+00  33088s
 207   1.89314105e+11  1.89195363e+11  1.56e+01 6.22e-03  3.45e+00  33220s
 208   1.89311492e+11  1.89196894e+11  1.51e+01 6.13e-03  3.33e+00  33359s
 209   1.89308862e+11  1.89198920e+11  1.46e+01 5.98e-03  3.19e+00  33510s
 210   1.89302479e+11  1.89201246e+11  1.34e+01 5.79e-03  2.94e+00  33674s
 211   1.89299088e+11  1.89204127e+11  1.28e+01 5.51e-03  2.76e+00  33859s
 212   1.89292999e+11  1.89205417e+11  1.16e+01 5.36e-03  2.54e+00  34025s
 213   1.89290724e+11  1.89206999e+11  1.12e+01 5.30e-03  2.43e+00  34183s
 214   1.89288905e+11  1.89208469e+11  1.09e+01 5.24e-03  2.33e+00  34327s
 215   1.89284603e+11  1.89209631e+11  1.00e+01 5.16e-03  2.18e+00  34490s
 216   1.89282796e+11  1.89212266e+11  9.70e+00 4.91e-03  2.05e+00  34658s
 217   1.89281188e+11  1.89213050e+11  9.40e+00 4.77e-03  1.98e+00  34802s
 218   1.89275742e+11  1.89214158e+11  8.37e+00 4.60e-03  1.79e+00  34973s
 219   1.89272827e+11  1.89215328e+11  7.83e+00 4.39e-03  1.67e+00  35126s
 220   1.89270746e+11  1.89216258e+11  7.44e+00 4.20e-03  1.58e+00  35265s
 221   1.89267774e+11  1.89217556e+11  6.88e+00 3.92e-03  1.46e+00  35426s
 222   1.89265706e+11  1.89218525e+11  6.49e+00 3.72e-03  1.37e+00  35602s
 223   1.89263637e+11  1.89219124e+11  6.10e+00 3.62e-03  1.29e+00  35751s
 224   1.89262821e+11  1.89219971e+11  5.95e+00 3.46e-03  1.24e+00  35906s
 225   1.89261078e+11  1.89220335e+11  5.62e+00 3.39e-03  1.18e+00  36075s
 226   1.89258675e+11  1.89221273e+11  5.18e+00 3.20e-03  1.09e+00  36241s
 227   1.89256620e+11  1.89221901e+11  4.79e+00 3.06e-03  1.01e+00  36391s
 228   1.89255292e+11  1.89222574e+11  4.54e+00 2.90e-03  9.50e-01  36547s
 229   1.89254394e+11  1.89222856e+11  4.36e+00 2.83e-03  9.16e-01  36684s
 230   1.89252817e+11  1.89223444e+11  4.06e+00 2.69e-03  8.53e-01  36831s
 231   1.89252018e+11  1.89223808e+11  3.90e+00 2.58e-03  8.19e-01  36986s
 232   1.89249921e+11  1.89224144e+11  3.48e+00 2.46e-03  7.49e-01  37147s
 233   1.89248415e+11  1.89224898e+11  3.19e+00 2.22e-03  6.83e-01  37324s
 234   1.89248415e+11  1.89224898e+11  3.19e+00 2.22e-03  6.83e-01  37491s
 235   1.89247001e+11  1.89225298e+11  2.86e+00 2.05e-03  6.30e-01  37667s
 236   1.89245946e+11  1.89225833e+11  2.65e+00 1.88e-03  5.84e-01  37827s
 237   1.89245946e+11  1.89225833e+11  2.65e+00 1.88e-03  5.84e-01  37990s
 238   1.89245946e+11  1.89225833e+11  2.65e+00 1.88e-03  5.84e-01  38153s
 239   1.89245946e+11  1.89225833e+11  2.65e+00 1.88e-03  5.84e-01  38322s
 240   1.89245946e+11  1.89225833e+11  2.65e+00 1.88e-03  5.84e-01  38495s
 241   1.89245946e+11  1.89225833e+11  2.65e+00 1.88e-03  5.84e-01  38665s
 242   1.89245946e+11  1.89225833e+11  2.65e+00 1.88e-03  5.84e-01  38830s
 243   1.89244226e+11  1.89226290e+11  2.28e+00 1.71e-03  5.21e-01  39023s

Barrier solved model in 243 iterations and 39023.41 seconds
Optimal objective 1.89244226e+11

Read LP format model from file /tmp/test-zbnhbdxa.lp
Reading time = 73.14 seconds
obj: 38526482 rows, 18758631 columns, 93455647 nonzeros
Changed value of parameter threads to 18
   Prev: 0  Min: 0  Max: 1024  Default: 0
Changed value of parameter method to 2
   Prev: -1  Min: -1  Max: 5  Default: -1
Changed value of parameter crossover to 0
   Prev: -1  Min: -1  Max: 5  Default: -1
Changed value of parameter BarConvTol to 1e-05
   Prev: 1e-08  Min: 0.0  Max: 1.0  Default: 1e-08
Parameter FeasibilityTol unchanged
   Value: 1e-06  Min: 1e-09  Max: 0.01  Default: 1e-06
Changed value of parameter AggFill to 0
   Prev: -1  Min: -1  Max: 2000000000  Default: -1
Changed value of parameter PreDual to 0
   Prev: -1  Min: -1  Max: 2  Default: -1
Changed value of parameter GURO_PAR_BARDENSETHRESH to 200
   Prev: -1  Min: -1  Max: 2000000000  Default: -1
Changed value of parameter logfile to test.log
   Prev: gurobi.log  Default: 
Optimize a model with 38526482 rows, 18758631 columns and 93455647 nonzeros
Coefficient statistics:
  Matrix range     [1e-02, 3e+05]
  Objective range  [3e-02, 3e+05]
  Bounds range     [6e-03, 2e+07]
  RHS range        [9e-01, 4e+08]
Presolve removed 0 rows and 0 columns (presolve time = 7s) ...
Presolve removed 14477271 rows and 1500792 columns (presolve time = 10s) ...
Presolve removed 14477271 rows and 1500792 columns (presolve time = 17s) ...
Presolve removed 14477271 rows and 1500792 columns (presolve time = 32s) ...
Presolve removed 14477271 rows and 1500792 columns (presolve time = 60s) ...
Presolve removed 14477271 rows and 1500792 columns (presolve time = 65s) ...
Presolve removed 14477271 rows and 1500792 columns (presolve time = 73s) ...
Presolve removed 14477271 rows and 1500792 columns
Presolve time: 73.52s
Presolved: 24049211 rows, 17257839 columns, 77471744 nonzeros
Ordering time: 0.00s

Barrier statistics:
 Dense cols : 3470
 Free vars  : 2794440
 AA' NZ     : 1.087e+08
 Factor NZ  : 5.041e+09 (roughly 60.0 GBytes of memory)
 Factor Ops : 3.140e+13 (roughly 130 seconds per iteration)
 Threads    : 18

                  Objective                Residual
Iter       Primal          Dual         Primal    Dual     Compl     Time
   0   1.05008182e+15 -1.71446845e+16  2.01e+12 2.95e+04  9.46e+11   914s
   1   1.07891693e+15 -3.75536398e+16  1.95e+12 1.89e+05  1.05e+12  1062s
   2   1.21463953e+15 -3.81095230e+16  1.53e+12 7.20e+04  7.40e+11  1210s
   3   1.03102524e+15 -3.83413485e+16  1.05e+12 4.06e+04  4.95e+11  1368s
   4   8.97320863e+14 -3.74352719e+16  6.00e+11 1.33e+04  2.66e+11  1534s
   5   7.93992567e+14 -3.61226266e+16  3.10e+11 5.16e+03  1.36e+11  1732s
   6   7.21281616e+14 -3.43418981e+16  1.54e+11 2.06e+03  6.78e+10  1927s
   7   6.68379804e+14 -3.20358712e+16  4.56e+10 8.32e+02  2.13e+10  2114s
   8   6.89211147e+14 -2.69205966e+16  1.52e+10 2.09e+02  7.22e+09  2313s
   9   7.58689998e+14 -2.05358649e+16  1.14e+10 6.44e+01  4.68e+09  2476s
  10   8.31624622e+14 -1.65015372e+16  8.60e+09 1.90e+01  3.19e+09  2629s
  11   9.23928273e+14 -1.31416288e+16  6.54e+09 5.70e+00  2.23e+09  2759s
  12   9.78586564e+14 -1.02168867e+16  4.73e+09 1.09e+00  1.49e+09  2886s
  13   9.78279148e+14 -6.51826249e+15  3.51e+09 2.41e-02  9.29e+08  3030s
  14   8.16404108e+14 -3.39699210e+15  2.39e+09 7.90e-03  5.13e+08  3183s
  15   6.23065602e+14 -1.78522894e+15  1.10e+09 7.56e-03  2.21e+08  3345s
  16   3.68802461e+14 -8.25355990e+14  5.11e+08 6.55e-03  9.29e+07  3522s
  17   2.66237425e+14 -5.92703637e+14  3.50e+08 5.34e-03  6.07e+07  3677s
  18   1.75928851e+14 -3.40535182e+14  2.10e+08 9.35e-03  3.27e+07  3833s
  19   1.00171259e+14 -2.12319936e+14  1.03e+08 6.80e-03  1.63e+07  3981s
  20   8.27520709e+13 -1.54428309e+14  8.47e+07 4.75e-03  1.20e+07  4114s
  21   5.12988815e+13 -1.02620837e+14  4.87e+07 4.38e-03  6.92e+06  4259s
  22   2.21570355e+13 -6.94364214e+13  1.86e+07 5.56e-03  3.43e+06  4424s
  23   1.45868628e+13 -4.89417374e+13  1.05e+07 5.07e-03  2.21e+06  4587s
  24   1.06254402e+13 -3.55692101e+13  7.13e+06 4.15e-03  1.54e+06  4778s
  25   7.37247826e+12 -2.45318861e+13  4.42e+06 3.84e-03  1.02e+06  4972s
  26   5.27666283e+12 -1.72831265e+13  2.76e+06 5.21e-03  7.02e+05  5151s
  27   4.19061681e+12 -1.31416857e+13  1.95e+06 4.81e-03  5.31e+05  5327s
  28   3.37593240e+12 -1.01741949e+13  1.38e+06 4.83e-03  4.10e+05  5499s
  29   3.11086899e+12 -8.03907772e+12  1.21e+06 5.09e-03  3.36e+05  5645s
  30   2.84358346e+12 -6.93975116e+12  1.06e+06 5.38e-03  2.93e+05  5773s
  31   2.60429115e+12 -5.29269838e+12  9.24e+05 5.55e-03  2.36e+05  5910s
  32   2.45369268e+12 -5.14249491e+12  8.44e+05 5.50e-03  2.27e+05  6042s
  33   2.17608328e+12 -3.95319556e+12  7.04e+05 5.41e-03  1.82e+05  6189s
  34   1.89383227e+12 -3.07743876e+12  5.74e+05 6.08e-03  1.47e+05  6341s
  35   1.38115659e+12 -2.15495268e+12  3.53e+05 1.04e-02  1.04e+05  6507s
  36   1.04811108e+12 -1.27570493e+12  2.33e+05 1.10e-02  6.81e+04  6688s
  37   8.51350700e+11 -8.06787690e+11  1.68e+05 8.83e-03  4.85e+04  6851s
  38   6.20400437e+11 -5.04631233e+11  1.00e+05 7.99e-03  3.28e+04  7000s
  39   5.40295081e+11 -2.92622501e+11  7.85e+04 7.96e-03  2.43e+04  7141s
  40   4.57169201e+11 -1.65249740e+11  5.76e+04 7.28e-03  1.81e+04  7293s
  41   3.96240019e+11 -6.02128745e+10  4.35e+04 7.02e-03  1.33e+04  7455s
  42   3.64819887e+11 -2.06391883e+10  3.65e+04 6.98e-03  1.12e+04  7605s
  43   3.50223367e+11  3.71682973e+09  3.33e+04 7.02e-03  1.01e+04  7744s
  44   3.24612451e+11  4.34068735e+10  2.76e+04 6.94e-03  8.17e+03  7900s
  45   2.99868679e+11  6.93516905e+10  2.25e+04 6.82e-03  6.69e+03  8071s
  46   2.79682682e+11  9.41084359e+10  1.83e+04 7.73e-03  5.39e+03  8243s
  47   2.65787499e+11  1.06634058e+11  1.54e+04 8.34e-03  4.62e+03  8393s
  48   2.53738685e+11  1.19943323e+11  1.30e+04 8.63e-03  3.88e+03  8546s
  49   2.43379560e+11  1.31777381e+11  1.09e+04 8.73e-03  3.24e+03  8708s
  50   2.38777842e+11  1.40085338e+11  9.92e+03 9.54e-03  2.86e+03  8860s
  51   2.36424578e+11  1.47281592e+11  9.42e+03 1.04e-02  2.59e+03  9000s
  52   2.28253159e+11  1.49889833e+11  7.88e+03 1.03e-02  2.27e+03  9158s
  53   2.23765162e+11  1.56960835e+11  6.98e+03 1.01e-02  1.94e+03  9325s
  54   2.20791405e+11  1.61665133e+11  6.38e+03 9.31e-03  1.72e+03  9501s
  55   2.18132503e+11  1.67184041e+11  5.85e+03 9.95e-03  1.48e+03  9671s
  56   2.15390980e+11  1.68207495e+11  5.30e+03 9.48e-03  1.37e+03  9836s
  57   2.12857097e+11  1.69043284e+11  4.79e+03 9.00e-03  1.27e+03  9981s
  58   2.11958406e+11  1.70335429e+11  4.61e+03 8.81e-03  1.21e+03  10117s
  59   2.10964888e+11  1.71361535e+11  4.40e+03 8.84e-03  1.15e+03  10261s
  60   2.10386804e+11  1.72047583e+11  4.28e+03 8.24e-03  1.11e+03  10406s
  61   2.07785116e+11  1.73085245e+11  3.74e+03 8.28e-03  1.01e+03  10559s
  62   2.06339380e+11  1.74522200e+11  3.44e+03 8.22e-03  9.23e+02  10743s
  63   2.05424512e+11  1.75673243e+11  3.25e+03 8.17e-03  8.63e+02  10900s
  64   2.04106796e+11  1.76442438e+11  2.98e+03 8.25e-03  8.02e+02  11085s
  65   2.03126865e+11  1.77311223e+11  2.77e+03 8.28e-03  7.49e+02  11283s
  66   2.02532232e+11  1.78651862e+11  2.64e+03 8.30e-03  6.93e+02  11443s
  67   2.01762151e+11  1.79344505e+11  2.48e+03 8.26e-03  6.50e+02  11619s
  68   2.01180283e+11  1.79839212e+11  2.36e+03 8.32e-03  6.19e+02  11776s
  69   2.00741327e+11  1.80647716e+11  2.27e+03 8.62e-03  5.83e+02  11923s
  70   2.00490063e+11  1.80885513e+11  2.22e+03 8.68e-03  5.69e+02  12056s
  71   2.00255659e+11  1.81052673e+11  2.17e+03 8.72e-03  5.57e+02  12187s
  72   1.99924520e+11  1.81344858e+11  2.10e+03 8.87e-03  5.39e+02  12319s
  73   1.99572141e+11  1.81642560e+11  2.02e+03 9.90e-03  5.20e+02  12462s
  74   1.99403026e+11  1.81707207e+11  1.99e+03 1.00e-02  5.13e+02  12615s
  75   1.98910051e+11  1.82096322e+11  1.88e+03 1.01e-02  4.88e+02  12782s
  76   1.98480368e+11  1.82408235e+11  1.79e+03 1.04e-02  4.66e+02  12945s
  77   1.98042488e+11  1.82747499e+11  1.70e+03 1.07e-02  4.44e+02  13138s
  78   1.97543743e+11  1.83101680e+11  1.60e+03 1.06e-02  4.19e+02  13320s
  79   1.97223718e+11  1.83414441e+11  1.53e+03 1.06e-02  4.00e+02  13492s
  80   1.96863712e+11  1.83747407e+11  1.45e+03 1.07e-02  3.80e+02  13647s
  81   1.96603740e+11  1.83968505e+11  1.40e+03 1.08e-02  3.66e+02  13787s
  82   1.96441006e+11  1.84091043e+11  1.37e+03 1.08e-02  3.58e+02  13916s
  83   1.96176750e+11  1.84292120e+11  1.31e+03 1.08e-02  3.45e+02  14056s
  84   1.95873022e+11  1.84613922e+11  1.25e+03 1.10e-02  3.26e+02  14205s
  85   1.95637125e+11  1.84997574e+11  1.20e+03 1.10e-02  3.09e+02  14371s
  86   1.95521715e+11  1.85221537e+11  1.17e+03 1.08e-02  2.99e+02  14523s
  87   1.95238067e+11  1.85504448e+11  1.11e+03 1.04e-02  2.82e+02  14691s
  88   1.94958857e+11  1.85760848e+11  1.06e+03 9.99e-03  2.67e+02  14869s
  89   1.94648543e+11  1.85814841e+11  9.90e+02 9.93e-03  2.56e+02  15035s
  90   1.94571158e+11  1.86025989e+11  9.73e+02 9.54e-03  2.48e+02  15186s
  91   1.94493866e+11  1.86174286e+11  9.57e+02 9.27e-03  2.41e+02  15328s
  92   1.94344119e+11  1.86246418e+11  9.25e+02 9.11e-03  2.35e+02  15458s
  93   1.94281169e+11  1.86352203e+11  9.11e+02 8.85e-03  2.30e+02  15589s
  94   1.94171678e+11  1.86467429e+11  8.88e+02 9.29e-03  2.23e+02  15729s
  95   1.94048478e+11  1.86516510e+11  8.62e+02 8.89e-03  2.18e+02  15870s
  96   1.93820082e+11  1.86647981e+11  8.14e+02 9.00e-03  2.08e+02  16033s
  97   1.93709084e+11  1.86817125e+11  7.91e+02 9.07e-03  2.00e+02  16208s
  98   1.93507223e+11  1.86961127e+11  7.49e+02 9.00e-03  1.90e+02  16376s
  99   1.93396060e+11  1.87068383e+11  7.25e+02 8.83e-03  1.83e+02  16539s
 100   1.93258204e+11  1.87189383e+11  6.97e+02 8.62e-03  1.76e+02  16705s
 101   1.93242821e+11  1.87207616e+11  6.93e+02 8.58e-03  1.75e+02  16851s
 102   1.93189380e+11  1.87261559e+11  6.82e+02 8.47e-03  1.72e+02  16998s
 103   1.93157058e+11  1.87348975e+11  6.76e+02 8.52e-03  1.68e+02  17145s
 104   1.93096037e+11  1.87404341e+11  6.63e+02 8.73e-03  1.65e+02  17298s
 105   1.92998664e+11  1.87476035e+11  6.42e+02 8.97e-03  1.60e+02  17452s
 106   1.92864452e+11  1.87547624e+11  6.15e+02 9.18e-03  1.54e+02  17624s
 107   1.92792791e+11  1.87653346e+11  6.00e+02 9.46e-03  1.49e+02  17783s
 108   1.92683368e+11  1.87778961e+11  5.77e+02 9.77e-03  1.42e+02  17966s
 109   1.92610560e+11  1.87796704e+11  5.62e+02 9.78e-03  1.40e+02  18110s
 110   1.92560722e+11  1.87825665e+11  5.51e+02 9.78e-03  1.37e+02  18252s
 111   1.92506604e+11  1.87901315e+11  5.40e+02 9.83e-03  1.34e+02  18445s
 112   1.92424706e+11  1.88062158e+11  5.24e+02 9.88e-03  1.26e+02  18623s
 113   1.92298477e+11  1.88136559e+11  4.98e+02 9.82e-03  1.21e+02  18777s
 114   1.92259288e+11  1.88222216e+11  4.90e+02 9.66e-03  1.17e+02  18941s
 115   1.92176194e+11  1.88281820e+11  4.73e+02 9.53e-03  1.13e+02  19093s
 116   1.92086320e+11  1.88334606e+11  4.55e+02 9.37e-03  1.09e+02  19233s
 117   1.92006738e+11  1.88375489e+11  4.38e+02 9.23e-03  1.05e+02  19364s
 118   1.91984930e+11  1.88406762e+11  4.34e+02 9.11e-03  1.04e+02  19498s
 119   1.91946090e+11  1.88422882e+11  4.26e+02 9.05e-03  1.02e+02  19628s
 120   1.91917210e+11  1.88453623e+11  4.20e+02 8.92e-03  1.00e+02  19768s
 121   1.91895441e+11  1.88500516e+11  4.16e+02 8.72e-03  9.84e+01  19910s
 122   1.91816831e+11  1.88546087e+11  4.00e+02 9.31e-03  9.48e+01  20075s
 123   1.91770357e+11  1.88571033e+11  3.91e+02 9.79e-03  9.28e+01  20256s
 124   1.91720201e+11  1.88636563e+11  3.81e+02 1.10e-02  8.94e+01  20432s
 125   1.91643052e+11  1.88700137e+11  3.65e+02 1.20e-02  8.53e+01  20614s
 126   1.91563227e+11  1.88754668e+11  3.49e+02 1.27e-02  8.14e+01  20778s
 127   1.91501815e+11  1.88819904e+11  3.38e+02 1.33e-02  7.78e+01  20938s
 128   1.91483141e+11  1.88851653e+11  3.34e+02 1.34e-02  7.63e+01  21084s
 129   1.91419558e+11  1.88859898e+11  3.21e+02 1.34e-02  7.42e+01  21214s
 130   1.91383920e+11  1.88893294e+11  3.13e+02 1.34e-02  7.22e+01  21345s
 131   1.91346552e+11  1.88924411e+11  3.06e+02 1.32e-02  7.02e+01  21485s
 132   1.91258778e+11  1.88961738e+11  2.88e+02 1.27e-02  6.66e+01  21638s
 133   1.91196219e+11  1.89024325e+11  2.76e+02 1.20e-02  6.30e+01  21803s
 134   1.91151154e+11  1.89095990e+11  2.68e+02 1.09e-02  5.96e+01  21981s
 135   1.91095296e+11  1.89121845e+11  2.56e+02 1.05e-02  5.72e+01  22136s
 136   1.91011859e+11  1.89154066e+11  2.40e+02 9.90e-03  5.39e+01  22316s
 137   1.90975960e+11  1.89187714e+11  2.33e+02 9.33e-03  5.18e+01  22487s
 138   1.90944712e+11  1.89215115e+11  2.26e+02 9.28e-03  5.01e+01  22647s
 139   1.90905124e+11  1.89229250e+11  2.18e+02 9.31e-03  4.86e+01  22791s
 140   1.90870867e+11  1.89246114e+11  2.11e+02 9.35e-03  4.71e+01  22919s
 141   1.90837008e+11  1.89264059e+11  2.05e+02 9.36e-03  4.56e+01  23065s
 142   1.90788429e+11  1.89284572e+11  1.95e+02 9.36e-03  4.36e+01  23224s
 143   1.90737008e+11  1.89317153e+11  1.85e+02 9.32e-03  4.12e+01  23392s
 144   1.90673689e+11  1.89329678e+11  1.73e+02 9.25e-03  3.90e+01  23577s
 145   1.90635203e+11  1.89373456e+11  1.65e+02 9.03e-03  3.66e+01  23743s
 146   1.90590029e+11  1.89390406e+11  1.56e+02 9.21e-03  3.48e+01  23897s
 147   1.90563208e+11  1.89410825e+11  1.51e+02 1.02e-02  3.34e+01  24038s
 148   1.90537501e+11  1.89423537e+11  1.45e+02 1.09e-02  3.23e+01  24169s
 149   1.90514483e+11  1.89434346e+11  1.41e+02 1.14e-02  3.13e+01  24310s
 150   1.90484919e+11  1.89456384e+11  1.35e+02 1.18e-02  2.98e+01  24462s
 151   1.90450838e+11  1.89472582e+11  1.29e+02 1.17e-02  2.84e+01  24631s
 152   1.90415727e+11  1.89492106e+11  1.22e+02 1.16e-02  2.68e+01  24814s
 153   1.90400691e+11  1.89500033e+11  1.19e+02 1.16e-02  2.61e+01  24966s
 154   1.90387755e+11  1.89516022e+11  1.16e+02 1.14e-02  2.53e+01  25123s
 155   1.90377426e+11  1.89529782e+11  1.14e+02 1.13e-02  2.46e+01  25264s
 156   1.90358593e+11  1.89536596e+11  1.10e+02 1.12e-02  2.38e+01  25395s
 157   1.90336791e+11  1.89548400e+11  1.06e+02 1.11e-02  2.29e+01  25537s
 158   1.90307584e+11  1.89559334e+11  1.00e+02 1.09e-02  2.17e+01  25692s
 159   1.90285770e+11  1.89573219e+11  9.61e+01 1.08e-02  2.07e+01  25858s
 160   1.90254678e+11  1.89586625e+11  9.00e+01 1.06e-02  1.94e+01  26040s
 161   1.90229293e+11  1.89594916e+11  8.51e+01 1.05e-02  1.84e+01  26208s
 162   1.90211420e+11  1.89612225e+11  8.16e+01 1.02e-02  1.74e+01  26357s
 163   1.90192474e+11  1.89618332e+11  7.79e+01 1.10e-02  1.66e+01  26501s
 164   1.90185480e+11  1.89626218e+11  7.65e+01 1.13e-02  1.62e+01  26638s
 165   1.90170834e+11  1.89633637e+11  7.36e+01 1.09e-02  1.56e+01  26782s
 166   1.90159832e+11  1.89642460e+11  7.14e+01 1.03e-02  1.50e+01  26937s
 167   1.90135783e+11  1.89651121e+11  6.67e+01 9.70e-03  1.41e+01  27103s
 168   1.90113633e+11  1.89658600e+11  6.24e+01 9.17e-03  1.32e+01  27290s
 169   1.90099711e+11  1.89666158e+11  5.96e+01 8.65e-03  1.26e+01  27450s
 170   1.90087353e+11  1.89672614e+11  5.72e+01 8.29e-03  1.20e+01  27619s
 171   1.90079554e+11  1.89677065e+11  5.56e+01 8.13e-03  1.17e+01  27819s
 172   1.90073522e+11  1.89682687e+11  5.44e+01 7.97e-03  1.13e+01  28000s
 173   1.90050439e+11  1.89690319e+11  4.98e+01 7.71e-03  1.04e+01  28167s
 174   1.90033133e+11  1.89696879e+11  4.63e+01 7.83e-03  9.75e+00  28326s
 175   1.90024463e+11  1.89702393e+11  4.46e+01 7.85e-03  9.34e+00  28471s
 176   1.90015989e+11  1.89704715e+11  4.29e+01 7.83e-03  9.03e+00  28603s
 177   1.90010412e+11  1.89706987e+11  4.18e+01 7.77e-03  8.80e+00  28734s
 178   1.90006274e+11  1.89710055e+11  4.10e+01 7.66e-03  8.59e+00  28863s
 179   1.90001661e+11  1.89712699e+11  4.00e+01 7.53e-03  8.38e+00  28994s
 180   1.89993692e+11  1.89717273e+11  3.85e+01 7.22e-03  8.02e+00  29141s
 181   1.89985974e+11  1.89722158e+11  3.69e+01 6.86e-03  7.65e+00  29297s
 182   1.89973360e+11  1.89725660e+11  3.45e+01 6.56e-03  7.18e+00  29466s
 183   1.89966117e+11  1.89728033e+11  3.31e+01 6.37e-03  6.91e+00  29645s
 184   1.89958274e+11  1.89735089e+11  3.15e+01 6.70e-03  6.47e+00  29807s
 185   1.89949200e+11  1.89739116e+11  2.98e+01 6.98e-03  6.09e+00  29965s
 186   1.89941231e+11  1.89742197e+11  2.82e+01 7.15e-03  5.77e+00  30108s
 187   1.89934273e+11  1.89746120e+11  2.68e+01 7.28e-03  5.46e+00  30265s
 188   1.89925722e+11  1.89750384e+11  2.52e+01 7.38e-03  5.09e+00  30433s
 189   1.89916023e+11  1.89752276e+11  2.32e+01 7.31e-03  4.75e+00  30583s
 190   1.89911853e+11  1.89755218e+11  2.24e+01 7.27e-03  4.54e+00  30723s
 191   1.89905146e+11  1.89757717e+11  2.11e+01 7.21e-03  4.28e+00  30878s
 192   1.89901087e+11  1.89759624e+11  2.03e+01 7.02e-03  4.10e+00  31045s
 193   1.89893013e+11  1.89761676e+11  1.87e+01 6.90e-03  3.81e+00  31211s
 194   1.89889921e+11  1.89762957e+11  1.81e+01 6.78e-03  3.68e+00  31363s
 195   1.89883882e+11  1.89765041e+11  1.69e+01 6.53e-03  3.45e+00  31525s
 196   1.89877733e+11  1.89766847e+11  1.57e+01 6.27e-03  3.22e+00  31693s
 197   1.89873995e+11  1.89768698e+11  1.49e+01 5.98e-03  3.05e+00  31853s
 198   1.89870731e+11  1.89770601e+11  1.43e+01 5.64e-03  2.91e+00  31996s
 199   1.89865899e+11  1.89772546e+11  1.33e+01 5.30e-03  2.71e+00  32150s
 200   1.89862385e+11  1.89774796e+11  1.26e+01 5.13e-03  2.54e+00  32320s
 201   1.89860705e+11  1.89775491e+11  1.23e+01 5.01e-03  2.47e+00  32464s
 202   1.89857196e+11  1.89776274e+11  1.16e+01 4.98e-03  2.35e+00  32614s
 203   1.89853653e+11  1.89777464e+11  1.09e+01 4.91e-03  2.21e+00  32789s
 204   1.89850007e+11  1.89778518e+11  1.01e+01 4.76e-03  2.07e+00  32951s
 205   1.89846350e+11  1.89780502e+11  9.41e+00 4.86e-03  1.91e+00  33102s
 206   1.89844787e+11  1.89782396e+11  9.08e+00 5.08e-03  1.81e+00  33242s
 207   1.89842803e+11  1.89783411e+11  8.68e+00 5.15e-03  1.72e+00  33373s
 208   1.89840186e+11  1.89784171e+11  8.18e+00 5.18e-03  1.63e+00  33512s
 209   1.89837021e+11  1.89785055e+11  7.56e+00 5.13e-03  1.51e+00  33665s
 210   1.89834865e+11  1.89787033e+11  7.12e+00 4.88e-03  1.39e+00  33833s
 211   1.89831526e+11  1.89788094e+11  6.48e+00 4.49e-03  1.26e+00  34010s
 212   1.89827931e+11  1.89789194e+11  5.76e+00 4.02e-03  1.12e+00  34182s
 213   1.89825756e+11  1.89789847e+11  5.33e+00 3.78e-03  1.04e+00  34356s
 214   1.89825171e+11  1.89790222e+11  5.21e+00 3.64e-03  1.01e+00  34500s
 215   1.89823583e+11  1.89790564e+11  4.89e+00 3.52e-03  9.59e-01  34633s
 216   1.89822214e+11  1.89790994e+11  4.62e+00 3.35e-03  9.06e-01  34774s
 217   1.89820633e+11  1.89791761e+11  4.31e+00 3.05e-03  8.38e-01  34927s
 218   1.89818508e+11  1.89792387e+11  3.88e+00 2.84e-03  7.58e-01  35091s
 219   1.89816901e+11  1.89793185e+11  3.55e+00 2.59e-03  6.89e-01  35267s
 220   1.89816096e+11  1.89793703e+11  3.39e+00 2.41e-03  6.50e-01  35436s
 221   1.89816096e+11  1.89793703e+11  3.39e+00 2.41e-03  6.50e-01  35603s
 222   1.89816096e+11  1.89793703e+11  3.39e+00 2.41e-03  6.50e-01  35771s
 223   1.89816079e+11  1.89793707e+11  3.38e+00 2.41e-03  6.50e-01  35948s
 224   1.89814158e+11  1.89794369e+11  2.95e+00 2.08e-03  5.75e-01  36184s
 225   1.89814158e+11  1.89794369e+11  2.95e+00 2.08e-03  5.75e-01  36353s
 226   1.89812601e+11  1.89795011e+11  2.57e+00 2.43e-03  5.11e-01  36547s
 227   1.89810881e+11  1.89795725e+11  2.23e+00 2.01e-03  4.40e-01  36771s
 228   1.89810881e+11  1.89795725e+11  2.23e+00 2.01e-03  4.40e-01  36937s
 229   1.89810150e+11  1.89796333e+11  2.06e+00 1.65e-03  4.01e-01  37128s
 230   1.89809301e+11  1.89796610e+11  1.90e+00 1.46e-03  3.69e-01  37271s

Barrier solved model in 230 iterations and 37271.14 seconds
Optimal objective 1.89809301e+11

Read LP format model from file /tmp/test-vhwuhxis.lp
Reading time = 72.28 seconds
obj: 38526482 rows, 18758631 columns, 93455647 nonzeros
Changed value of parameter threads to 18
   Prev: 0  Min: 0  Max: 1024  Default: 0
Changed value of parameter method to 2
   Prev: -1  Min: -1  Max: 5  Default: -1
Changed value of parameter crossover to 0
   Prev: -1  Min: -1  Max: 5  Default: -1
Changed value of parameter BarConvTol to 1e-05
   Prev: 1e-08  Min: 0.0  Max: 1.0  Default: 1e-08
Parameter FeasibilityTol unchanged
   Value: 1e-06  Min: 1e-09  Max: 0.01  Default: 1e-06
Changed value of parameter AggFill to 0
   Prev: -1  Min: -1  Max: 2000000000  Default: -1
Changed value of parameter PreDual to 0
   Prev: -1  Min: -1  Max: 2  Default: -1
Changed value of parameter GURO_PAR_BARDENSETHRESH to 200
   Prev: -1  Min: -1  Max: 2000000000  Default: -1
Changed value of parameter logfile to test.log
   Prev: gurobi.log  Default: 
Optimize a model with 38526482 rows, 18758631 columns and 93455647 nonzeros
Coefficient statistics:
  Matrix range     [1e-02, 2e+05]
  Objective range  [3e-02, 3e+05]
  Bounds range     [6e-03, 2e+07]
  RHS range        [9e-01, 4e+08]
Presolve removed 0 rows and 0 columns (presolve time = 8s) ...
Presolve removed 14471431 rows and 338720 columns (presolve time = 10s) ...
Presolve removed 14477271 rows and 1500792 columns (presolve time = 19s) ...
Presolve removed 14477271 rows and 1500792 columns (presolve time = 35s) ...
Presolve removed 14477271 rows and 1500792 columns (presolve time = 65s) ...
Presolve removed 14477271 rows and 1500792 columns (presolve time = 65s) ...
Presolve removed 14477271 rows and 1500792 columns (presolve time = 78s) ...
Presolve removed 14477271 rows and 1500792 columns
Presolve time: 78.47s
Presolved: 24049211 rows, 17257839 columns, 77471744 nonzeros
Ordering time: 0.00s

Barrier statistics:
 Dense cols : 3470
 Free vars  : 2794440
 AA' NZ     : 1.087e+08
 Factor NZ  : 5.041e+09 (roughly 60.0 GBytes of memory)
 Factor Ops : 3.140e+13 (roughly 130 seconds per iteration)
 Threads    : 18

                  Objective                Residual
Iter       Primal          Dual         Primal    Dual     Compl     Time
   0   1.05008027e+15 -1.71446845e+16  2.01e+12 2.85e+04  9.46e+11   932s
   1   1.07914639e+15 -3.73956207e+16  1.95e+12 1.89e+05  1.04e+12  1078s
   2   1.21446397e+15 -3.79660698e+16  1.53e+12 7.20e+04  7.36e+11  1226s
   3   1.03066542e+15 -3.81977488e+16  1.05e+12 4.05e+04  4.93e+11  1378s
   4   8.96737282e+14 -3.72974366e+16  6.00e+11 1.33e+04  2.65e+11  1543s
   5   7.93235953e+14 -3.59910270e+16  3.10e+11 5.16e+03  1.35e+11  1734s
   6   7.20480943e+14 -3.42172206e+16  1.54e+11 2.06e+03  6.74e+10  1934s
   7   6.67175164e+14 -3.19164744e+16  4.56e+10 8.36e+02  2.12e+10  2118s
   8   6.87236255e+14 -2.67894051e+16  1.52e+10 2.11e+02  7.18e+09  2286s
   9   7.56214123e+14 -2.05127697e+16  1.14e+10 6.70e+01  4.67e+09  2445s
  10   8.25711480e+14 -1.64615429e+16  8.62e+09 1.98e+01  3.19e+09  2602s
  11   9.15678456e+14 -1.30687894e+16  6.56e+09 5.93e+00  2.23e+09  2735s
  12   9.70613474e+14 -1.01575263e+16  4.73e+09 1.20e+00  1.48e+09  2865s
  13   9.70727020e+14 -6.47265833e+15  3.52e+09 3.87e-02  9.25e+08  3004s
  14   8.10161855e+14 -3.36797367e+15  2.39e+09 1.84e-02  5.11e+08  3157s
  15   6.24404198e+14 -1.81871563e+15  1.13e+09 6.76e-03  2.27e+08  3326s
  16   4.53684178e+14 -1.10743533e+15  7.27e+08 5.69e-03  1.33e+08  3481s
  17   2.53726245e+14 -5.63316713e+14  2.84e+08 5.82e-03  5.24e+07  3680s
  18   1.50382907e+14 -3.52370189e+14  1.61e+08 8.11e-03  2.77e+07  3852s
  19   8.78432825e+13 -1.86773161e+14  8.05e+07 4.83e-03  1.31e+07  4017s
  20   4.64598066e+13 -1.26742730e+14  3.91e+07 4.10e-03  7.11e+06  4167s
  21   3.65952021e+13 -1.17991404e+14  2.96e+07 4.00e-03  6.00e+06  4313s
  22   2.54862503e+13 -9.61376507e+13  1.81e+07 3.84e-03  4.36e+06  4442s
  23   1.87284674e+13 -6.97632805e+13  1.20e+07 3.38e-03  3.04e+06  4570s
  24   1.46232039e+13 -5.50402692e+13  8.82e+06 3.17e-03  2.32e+06  4700s
  25   1.06791430e+13 -4.04653787e+13  5.83e+06 3.15e-03  1.64e+06  4840s
  26   9.15817564e+12 -3.07580397e+13  4.77e+06 2.95e-03  1.27e+06  4987s
  27   7.13241075e+12 -2.52201628e+13  3.47e+06 2.88e-03  1.01e+06  5151s
  28   5.11845266e+12 -1.56887931e+13  2.14e+06 4.46e-03  6.34e+05  5322s
  29   4.12367637e+12 -1.10495762e+13  1.56e+06 4.01e-03  4.58e+05  5486s
  30   3.27530081e+12 -8.48011287e+12  1.10e+06 5.45e-03  3.51e+05  5639s
  31   2.86522179e+12 -6.86978099e+12  8.92e+05 5.20e-03  2.90e+05  5801s
  32   2.59599382e+12 -5.53109853e+12  7.69e+05 5.65e-03  2.41e+05  5932s
  33   2.19723096e+12 -4.11004769e+12  5.91e+05 6.23e-03  1.86e+05  6073s
  34   1.72981957e+12 -3.11602518e+12  4.06e+05 6.35e-03  1.42e+05  6224s
  35   1.42049061e+12 -2.05359782e+12  2.98e+05 1.06e-02  1.02e+05  6384s
  36   1.09496884e+12 -1.33788271e+12  2.02e+05 8.74e-03  7.11e+04  6561s
  37   7.80333574e+11 -9.03482240e+11  1.14e+05 6.48e-03  4.91e+04  6735s
  38   6.40745411e+11 -5.42174311e+11  8.21e+04 7.28e-03  3.44e+04  6909s
  39   5.39858103e+11 -2.53455846e+11  6.12e+04 7.87e-03  2.31e+04  7069s
  40   4.71364391e+11 -1.30592396e+11  4.77e+04 7.69e-03  1.75e+04  7217s
  41   4.26707679e+11 -6.72939051e+10  3.96e+04 7.44e-03  1.44e+04  7357s
  42   3.92316781e+11 -2.61997669e+10  3.34e+04 7.49e-03  1.22e+04  7485s
  43   3.79539976e+11 -1.45233908e+09  3.12e+04 7.40e-03  1.11e+04  7614s
  44   3.59482852e+11  1.29222159e+10  2.77e+04 7.31e-03  1.01e+04  7745s
  45   3.44977489e+11  5.24927497e+10  2.53e+04 7.02e-03  8.49e+03  7885s
  46   3.20708094e+11  8.18577534e+10  2.13e+04 7.20e-03  6.93e+03  8037s
  47   3.01087367e+11  1.04389585e+11  1.82e+04 7.78e-03  5.71e+03  8197s
  48   2.81172900e+11  1.22256789e+11  1.51e+04 9.12e-03  4.61e+03  8376s
  49   2.63063358e+11  1.33400873e+11  1.22e+04 1.01e-02  3.76e+03  8561s
  50   2.52790368e+11  1.42326103e+11  1.06e+04 1.01e-02  3.21e+03  8735s
  51   2.45150170e+11  1.50996115e+11  9.34e+03 1.15e-02  2.73e+03  8903s
  52   2.42062239e+11  1.57748079e+11  8.82e+03 1.25e-02  2.45e+03  9056s
  53   2.38697831e+11  1.60651211e+11  8.28e+03 1.27e-02  2.26e+03  9204s
  54   2.34343829e+11  1.61603312e+11  7.57e+03 1.24e-02  2.11e+03  9334s
  55   2.32109271e+11  1.62733019e+11  7.21e+03 1.21e-02  2.01e+03  9463s
  56   2.31675132e+11  1.63749557e+11  7.13e+03 1.19e-02  1.97e+03  9591s
  57   2.27099775e+11  1.65872662e+11  6.45e+03 1.15e-02  1.78e+03  9729s
  58   2.26236721e+11  1.66670550e+11  6.30e+03 1.12e-02  1.73e+03  9869s
  59   2.22110144e+11  1.69945274e+11  5.66e+03 1.16e-02  1.51e+03  10031s
  60   2.19083693e+11  1.71683923e+11  5.17e+03 1.11e-02  1.37e+03  10202s
  61   2.14765726e+11  1.74004720e+11  4.44e+03 9.92e-03  1.18e+03  10391s
  62   2.11821477e+11  1.75680881e+11  3.95e+03 1.04e-02  1.05e+03  10570s
  63   2.10031593e+11  1.77061601e+11  3.64e+03 1.08e-02  9.56e+02  10734s
  64   2.08397954e+11  1.77800871e+11  3.36e+03 1.03e-02  8.87e+02  10887s
  65   2.06969078e+11  1.78469404e+11  3.11e+03 1.01e-02  8.27e+02  11026s
  66   2.06527582e+11  1.78869930e+11  3.03e+03 9.95e-03  8.02e+02  11153s
  67   2.06036442e+11  1.79308121e+11  2.94e+03 9.71e-03  7.75e+02  11282s
  68   2.05447837e+11  1.79688002e+11  2.83e+03 9.46e-03  7.47e+02  11410s
  69   2.05020004e+11  1.80093279e+11  2.75e+03 9.10e-03  7.23e+02  11552s
  70   2.04249623e+11  1.80588958e+11  2.62e+03 8.77e-03  6.86e+02  11705s
  71   2.03437817e+11  1.81283723e+11  2.47e+03 8.69e-03  6.42e+02  11870s
  72   2.02418957e+11  1.81842161e+11  2.29e+03 8.50e-03  5.97e+02  12051s
  73   2.01862221e+11  1.82122130e+11  2.19e+03 8.47e-03  5.72e+02  12206s
  74   2.01443650e+11  1.82454248e+11  2.11e+03 8.42e-03  5.51e+02  12361s
  75   2.01073087e+11  1.82645693e+11  2.04e+03 8.37e-03  5.34e+02  12503s
  76   2.00672177e+11  1.82983970e+11  1.97e+03 8.62e-03  5.13e+02  12657s
  77   2.00337821e+11  1.83266856e+11  1.91e+03 8.83e-03  4.95e+02  12818s
  78   1.99983125e+11  1.83516880e+11  1.85e+03 8.99e-03  4.78e+02  12969s
  79   1.99535972e+11  1.83830463e+11  1.77e+03 9.15e-03  4.55e+02  13107s
  80   1.99183206e+11  1.84269563e+11  1.70e+03 1.04e-02  4.32e+02  13260s
  81   1.98653613e+11  1.84542755e+11  1.61e+03 1.16e-02  4.09e+02  13419s
  82   1.98386319e+11  1.84792746e+11  1.56e+03 1.24e-02  3.94e+02  13570s
  83   1.98080879e+11  1.84900292e+11  1.50e+03 1.26e-02  3.82e+02  13709s
  84   1.97763316e+11  1.85137914e+11  1.44e+03 1.29e-02  3.66e+02  13863s
  85   1.97409951e+11  1.85265624e+11  1.38e+03 1.30e-02  3.52e+02  14024s
  86   1.97090295e+11  1.85571552e+11  1.32e+03 1.28e-02  3.34e+02  14177s
  87   1.96685008e+11  1.85730868e+11  1.24e+03 1.26e-02  3.18e+02  14342s
  88   1.96505003e+11  1.86026163e+11  1.21e+03 1.21e-02  3.04e+02  14491s
  89   1.96265911e+11  1.86154318e+11  1.17e+03 1.20e-02  2.93e+02  14629s
  90   1.95972941e+11  1.86359794e+11  1.11e+03 1.17e-02  2.79e+02  14780s
  91   1.95790361e+11  1.86439994e+11  1.08e+03 1.16e-02  2.71e+02  14932s
  92   1.95636114e+11  1.86493435e+11  1.05e+03 1.15e-02  2.65e+02  15084s
  93   1.95498763e+11  1.86622608e+11  1.02e+03 1.10e-02  2.57e+02  15248s
  94   1.95269716e+11  1.86919652e+11  9.80e+02 9.99e-03  2.42e+02  15422s
  95   1.95068075e+11  1.87018152e+11  9.41e+02 9.63e-03  2.33e+02  15567s
  96   1.94885851e+11  1.87179039e+11  9.07e+02 8.99e-03  2.23e+02  15723s
  97   1.94708919e+11  1.87273053e+11  8.74e+02 8.74e-03  2.16e+02  15862s
  98   1.94572530e+11  1.87364959e+11  8.47e+02 8.96e-03  2.09e+02  15992s
  99   1.94492630e+11  1.87410591e+11  8.33e+02 8.96e-03  2.05e+02  16131s
 100   1.94324640e+11  1.87521583e+11  8.01e+02 8.88e-03  1.97e+02  16285s
 101   1.94266906e+11  1.87568776e+11  7.90e+02 8.84e-03  1.94e+02  16425s
 102   1.94084934e+11  1.87686552e+11  7.56e+02 8.67e-03  1.86e+02  16598s
 103   1.93931258e+11  1.87801509e+11  7.28e+02 8.92e-03  1.78e+02  16793s
 104   1.93757777e+11  1.87884453e+11  6.95e+02 9.55e-03  1.70e+02  16955s
 105   1.93649598e+11  1.88009208e+11  6.74e+02 1.06e-02  1.64e+02  17118s
 106   1.93556900e+11  1.88094798e+11  6.57e+02 1.12e-02  1.58e+02  17267s
 107   1.93494043e+11  1.88157277e+11  6.46e+02 1.17e-02  1.55e+02  17405s
 108   1.93459349e+11  1.88177639e+11  6.39e+02 1.19e-02  1.53e+02  17535s
 109   1.93399075e+11  1.88216605e+11  6.27e+02 1.21e-02  1.50e+02  17665s
 110   1.93360620e+11  1.88248953e+11  6.20e+02 1.22e-02  1.48e+02  17809s
 111   1.93286513e+11  1.88298793e+11  6.06e+02 1.25e-02  1.45e+02  17954s
 112   1.93235662e+11  1.88333513e+11  5.96e+02 1.25e-02  1.42e+02  18101s
 113   1.93156034e+11  1.88382222e+11  5.82e+02 1.24e-02  1.38e+02  18274s
 114   1.92988344e+11  1.88404016e+11  5.50e+02 1.23e-02  1.33e+02  18490s
 115   1.92863793e+11  1.88459697e+11  5.27e+02 1.22e-02  1.28e+02  18661s
 116   1.92760710e+11  1.88513393e+11  5.08e+02 1.20e-02  1.23e+02  18832s
 117   1.92643221e+11  1.88583733e+11  4.86e+02 1.18e-02  1.18e+02  19017s
 118   1.92593663e+11  1.88643610e+11  4.77e+02 1.15e-02  1.15e+02  19202s
 119   1.92545953e+11  1.88690361e+11  4.69e+02 1.12e-02  1.12e+02  19353s
 120   1.92465856e+11  1.88718294e+11  4.54e+02 1.11e-02  1.09e+02  19491s
 121   1.92428256e+11  1.88766906e+11  4.46e+02 1.07e-02  1.06e+02  19622s
 122   1.92395955e+11  1.88807388e+11  4.40e+02 1.06e-02  1.04e+02  19752s
 123   1.92363691e+11  1.88826422e+11  4.34e+02 1.06e-02  1.03e+02  19881s
 124   1.92329418e+11  1.88860313e+11  4.28e+02 1.06e-02  1.01e+02  20020s
 125   1.92307343e+11  1.88915590e+11  4.24e+02 1.07e-02  9.83e+01  20171s
 126   1.92287478e+11  1.88934478e+11  4.20e+02 1.06e-02  9.72e+01  20325s
 127   1.92197686e+11  1.88973587e+11  4.04e+02 1.09e-02  9.35e+01  20502s
 128   1.92139501e+11  1.89015016e+11  3.93e+02 1.10e-02  9.06e+01  20690s
 129   1.92107269e+11  1.89039105e+11  3.87e+02 1.10e-02  8.90e+01  20837s
